<?xml version="1.0" encoding="UTF-8"?>
<testng-results skipped="0" failed="0" ignored="0" total="1" passed="1">
  <reporter-output>
  </reporter-output>
  <suite name="Suite" duration-ms="5954" started-at="2020-06-18T13:25:17Z" finished-at="2020-06-18T13:25:23Z">
    <groups>
    </groups>
    <test name="ActiTimeTest" duration-ms="5954" started-at="2020-06-18T13:25:17Z" finished-at="2020-06-18T13:25:23Z">
      <class name="com.nilava.AutomationFramework.Tests.TC001">
        <test-method status="PASS" signature="launchURL(java.lang.String)[pri:0, instance:com.nilava.AutomationFramework.Tests.TC001@42d80b78]" name="launchURL" is-config="true" duration-ms="4684" started-at="2020-06-18T13:25:17Z" finished-at="2020-06-18T13:25:22Z">
          <params>
            <param index="0">
              <value>
                <![CDATA[Chrome]]>
              </value>
            </param>
          </params>
          <reporter-output>
          </reporter-output>
        </test-method> <!-- launchURL -->
        <test-method status="PASS" signature="setUp(java.lang.String)[pri:0, instance:com.nilava.AutomationFramework.Tests.TC001@42d80b78]" name="setUp" is-config="true" duration-ms="377" started-at="2020-06-18T13:25:22Z" finished-at="2020-06-18T13:25:22Z">
          <params>
            <param index="0">
              <value>
                <![CDATA[http://localhost/login.do]]>
              </value>
            </param>
          </params>
          <reporter-output>
          </reporter-output>
        </test-method> <!-- setUp -->
        <test-method status="PASS" signature="loginActiTime()[pri:0, instance:com.nilava.AutomationFramework.Tests.TC001@42d80b78]" name="loginActiTime" duration-ms="271" started-at="2020-06-18T13:25:22Z" finished-at="2020-06-18T13:25:22Z">
          <reporter-output>
          </reporter-output>
        </test-method> <!-- loginActiTime -->
        <test-method status="PASS" signature="tearDown()[pri:0, instance:com.nilava.AutomationFramework.Tests.TC001@42d80b78]" name="tearDown" is-config="true" duration-ms="600" started-at="2020-06-18T13:25:22Z" finished-at="2020-06-18T13:25:23Z">
          <reporter-output>
          </reporter-output>
        </test-method> <!-- tearDown -->
      </class> <!-- com.nilava.AutomationFramework.Tests.TC001 -->
    </test> <!-- ActiTimeTest -->
  </suite> <!-- Suite -->
</testng-results>
