<?xml version="1.0" encoding="UTF-8"?>
<testng-results skipped="0" failed="0" ignored="0" total="1" passed="1">
  <reporter-output>
  </reporter-output>
  <suite name="Suite" duration-ms="11323" started-at="2020-06-16T16:50:09Z" finished-at="2020-06-16T16:50:20Z">
    <groups>
    </groups>
    <test name="Test" duration-ms="11323" started-at="2020-06-16T16:50:09Z" finished-at="2020-06-16T16:50:20Z">
      <class name="com.nilava.AutomationFramework.Tests.TC001">
        <test-method status="PASS" signature="launchURL()[pri:0, instance:com.nilava.AutomationFramework.Tests.TC001@47c62251]" name="launchURL" is-config="true" duration-ms="10192" started-at="2020-06-16T16:50:09Z" finished-at="2020-06-16T16:50:19Z">
          <reporter-output>
          </reporter-output>
        </test-method> <!-- launchURL -->
        <test-method status="PASS" signature="loginActiTime()[pri:0, instance:com.nilava.AutomationFramework.Tests.TC001@47c62251]" name="loginActiTime" duration-ms="349" started-at="2020-06-16T16:50:19Z" finished-at="2020-06-16T16:50:20Z">
          <reporter-output>
          </reporter-output>
        </test-method> <!-- loginActiTime -->
        <test-method status="PASS" signature="tearDown()[pri:0, instance:com.nilava.AutomationFramework.Tests.TC001@47c62251]" name="tearDown" is-config="true" duration-ms="740" started-at="2020-06-16T16:50:20Z" finished-at="2020-06-16T16:50:20Z">
          <reporter-output>
          </reporter-output>
        </test-method> <!-- tearDown -->
      </class> <!-- com.nilava.AutomationFramework.Tests.TC001 -->
    </test> <!-- Test -->
  </suite> <!-- Suite -->
</testng-results>
